# JRE version: OpenJDK Runtime Environment (8.0_152-b01) (build 1.8.0_152-release-915-b01)
# Java VM: OpenJDK 64-Bit Server VM (25.152-b01 mixed mode windows-amd64 compressed oops)
Heap:
 PSYoungGen      total 435200K, used 352434K [0x00000000e0000000, 0x00000000ff180000, 0x0000000100000000)
  eden space 367104K, 90% used [0x00000000e0000000,0x00000000f46354b8,0x00000000f6680000)
  from space 68096K, 27% used [0x00000000faf00000,0x00000000fc0f76f8,0x00000000ff180000)
  to   space 71168K, 0% used [0x00000000f6680000,0x00000000f6680000,0x00000000fac00000)
 ParOldGen       total 397824K, used 212974K [0x00000000a0000000, 0x00000000b8480000, 0x00000000e0000000)
  object space 397824K, 53% used [0x00000000a0000000,0x00000000acffb9a8,0x00000000b8480000)
 Metaspace       used 137023K, capacity 144214K, committed 150292K, reserved 1181696K
  class space    used 16147K, capacity 17865K, committed 19004K, reserved 1048576K
GC Heap History (10 events):
Event: 10216.863 GC heap before
{Heap before GC invocations=57 (full 6):
 PSYoungGen      total 430080K, used 346720K [0x00000000e0000000, 0x00000000ffb80000, 0x0000000100000000)
  eden space 346624K, 100% used [0x00000000e0000000,0x00000000f5280000,0x00000000f5280000)
  from space 83456K, 0% used [0x00000000faa00000,0x00000000faa18000,0x00000000ffb80000)
  to   space 86528K, 0% used [0x00000000f5280000,0x00000000f5280000,0x00000000fa700000)
 ParOldGen       total 436224K, used 400223K [0x00000000a0000000, 0x00000000baa00000, 0x00000000e0000000)
  object space 436224K, 91% used [0x00000000a0000000,0x00000000b86d7cc8,0x00000000baa00000)
 Metaspace       used 141331K, capacity 150088K, committed 150292K, reserved 1181696K
  class space    used 16868K, capacity 18991K, committed 19004K, reserved 1048576K
Event: 10216.869 GC heap after
Heap after GC invocations=57 (full 6):
 PSYoungGen      total 433152K, used 680K [0x00000000e0000000, 0x00000000fff00000, 0x0000000100000000)
  eden space 346624K, 0% used [0x00000000e0000000,0x00000000e0000000,0x00000000f5280000)
  from space 86528K, 0% used [0x00000000f5280000,0x00000000f532a228,0x00000000fa700000)
  to   space 84480K, 0% used [0x00000000fac80000,0x00000000fac80000,0x00000000fff00000)
 ParOldGen       total 436224K, used 400263K [0x00000000a0000000, 0x00000000baa00000, 0x00000000e0000000)
  object space 436224K, 91% used [0x00000000a0000000,0x00000000b86e1cc8,0x00000000baa00000)
 Metaspace       used 141331K, capacity 150088K, committed 150292K, reserved 1181696K
  class space    used 16868K, capacity 18991K, committed 19004K, reserved 1048576K
}
Event: 10218.785 GC heap before
{Heap before GC invocations=58 (full 6):
 PSYoungGen      total 433152K, used 347304K [0x00000000e0000000, 0x00000000fff00000, 0x0000000100000000)
  eden space 346624K, 100% used [0x00000000e0000000,0x00000000f5280000,0x00000000f5280000)
  from space 86528K, 0% used [0x00000000f5280000,0x00000000f532a228,0x00000000fa700000)
  to   space 84480K, 0% used [0x00000000fac80000,0x00000000fac80000,0x00000000fff00000)
 ParOldGen       total 436224K, used 400263K [0x00000000a0000000, 0x00000000baa00000, 0x00000000e0000000)
  object space 436224K, 91% used [0x00000000a0000000,0x00000000b86e1cc8,0x00000000baa00000)
 Metaspace       used 141380K, capacity 150088K, committed 150292K, reserved 1181696K
  class space    used 16868K, capacity 18991K, committed 19004K, reserved 1048576K
Event: 10218.817 GC heap after
Heap after GC invocations=58 (full 6):
 PSYoungGen      total 430592K, used 30133K [0x00000000e0000000, 0x00000000ff800000, 0x0000000100000000)
  eden space 353280K, 0% used [0x00000000e0000000,0x00000000e0000000,0x00000000f5900000)
  from space 77312K, 38% used [0x00000000fac80000,0x00000000fc9ed7b0,0x00000000ff800000)
  to   space 81408K, 0% used [0x00000000f5900000,0x00000000f5900000,0x00000000fa880000)
 ParOldGen       total 436224K, used 400811K [0x00000000a0000000, 0x00000000baa00000, 0x00000000e0000000)
  object space 436224K, 91% used [0x00000000a0000000,0x00000000b876af10,0x00000000baa00000)
 Metaspace       used 141380K, capacity 150088K, committed 150292K, reserved 1181696K
  class space    used 16868K, capacity 18991K, committed 19004K, reserved 1048576K
}
Event: 10220.367 GC heap before
{Heap before GC invocations=59 (full 6):
 PSYoungGen      total 430592K, used 383413K [0x00000000e0000000, 0x00000000ff800000, 0x0000000100000000)
  eden space 353280K, 100% used [0x00000000e0000000,0x00000000f5900000,0x00000000f5900000)
  from space 77312K, 38% used [0x00000000fac80000,0x00000000fc9ed7b0,0x00000000ff800000)
  to   space 81408K, 0% used [0x00000000f5900000,0x00000000f5900000,0x00000000fa880000)
 ParOldGen       total 436224K, used 400811K [0x00000000a0000000, 0x00000000baa00000, 0x00000000e0000000)
  object space 436224K, 91% used [0x00000000a0000000,0x00000000b876af10,0x00000000baa00000)
 Metaspace       used 141423K, capacity 150164K, committed 150292K, reserved 1181696K
  class space    used 16869K, capacity 18991K, committed 19004K, reserved 1048576K
Event: 10220.424 GC heap after
Heap after GC invocations=59 (full 6):
 PSYoungGen      total 434688K, used 22612K [0x00000000e0000000, 0x00000000ff900000, 0x0000000100000000)
  eden space 353280K, 0% used [0x00000000e0000000,0x00000000e0000000,0x00000000f5900000)
  from space 81408K, 27% used [0x00000000f5900000,0x00000000f6f153f8,0x00000000fa880000)
  to   space 75776K, 0% used [0x00000000faf00000,0x00000000faf00000,0x00000000ff900000)
 ParOldGen       total 436224K, used 429087K [0x00000000a0000000, 0x00000000baa00000, 0x00000000e0000000)
  object space 436224K, 98% used [0x00000000a0000000,0x00000000ba307e60,0x00000000baa00000)
 Metaspace       used 141423K, capacity 150164K, committed 150292K, reserved 1181696K
  class space    used 16869K, capacity 18991K, committed 19004K, reserved 1048576K
}
Event: 10220.424 GC heap before
{Heap before GC invocations=60 (full 7):
 PSYoungGen      total 434688K, used 22612K [0x00000000e0000000, 0x00000000ff900000, 0x0000000100000000)
  eden space 353280K, 0% used [0x00000000e0000000,0x00000000e0000000,0x00000000f5900000)
  from space 81408K, 27% used [0x00000000f5900000,0x00000000f6f153f8,0x00000000fa880000)
  to   space 75776K, 0% used [0x00000000faf00000,0x00000000faf00000,0x00000000ff900000)
 ParOldGen       total 436224K, used 429087K [0x00000000a0000000, 0x00000000baa00000, 0x00000000e0000000)
  object space 436224K, 98% used [0x00000000a0000000,0x00000000ba307e60,0x00000000baa00000)
 Metaspace       used 141423K, capacity 150164K, committed 150292K, reserved 1181696K
  class space    used 16869K, capacity 18991K, committed 19004K, reserved 1048576K
Event: 10221.311 GC heap after
Heap after GC invocations=60 (full 7):
 PSYoungGen      total 434688K, used 0K [0x00000000e0000000, 0x00000000ff900000, 0x0000000100000000)
  eden space 353280K, 0% used [0x00000000e0000000,0x00000000e0000000,0x00000000f5900000)
  from space 81408K, 0% used [0x00000000f5900000,0x00000000f5900000,0x00000000fa880000)
  to   space 75776K, 0% used [0x00000000faf00000,0x00000000faf00000,0x00000000ff900000)
 ParOldGen       total 397824K, used 212966K [0x00000000a0000000, 0x00000000b8480000, 0x00000000e0000000)
  object space 397824K, 53% used [0x00000000a0000000,0x00000000acff99a8,0x00000000b8480000)
 Metaspace       used 136771K, capacity 143952K, committed 150292K, reserved 1181696K
  class space    used 16146K, capacity 17864K, committed 19004K, reserved 1048576K
}
Event: 10222.862 GC heap before
{Heap before GC invocations=61 (full 7):
 PSYoungGen      total 434688K, used 353280K [0x00000000e0000000, 0x00000000ff900000, 0x0000000100000000)
  eden space 353280K, 100% used [0x00000000e0000000,0x00000000f5900000,0x00000000f5900000)
  from space 81408K, 0% used [0x00000000f5900000,0x00000000f5900000,0x00000000fa880000)
  to   space 75776K, 0% used [0x00000000faf00000,0x00000000faf00000,0x00000000ff900000)
 ParOldGen       total 397824K, used 212966K [0x00000000a0000000, 0x00000000b8480000, 0x00000000e0000000)
  object space 397824K, 53% used [0x00000000a0000000,0x00000000acff99a8,0x00000000b8480000)
 Metaspace       used 136807K, capacity 144022K, committed 150292K, reserved 1181696K
  class space    used 16147K, capacity 17865K, committed 19004K, reserved 1048576K
Event: 10222.889 GC heap after
Heap after GC invocations=61 (full 7):
 PSYoungGen      total 435200K, used 18397K [0x00000000e0000000, 0x00000000ff180000, 0x0000000100000000)
  eden space 367104K, 0% used [0x00000000e0000000,0x00000000e0000000,0x00000000f6680000)
  from space 68096K, 27% used [0x00000000faf00000,0x00000000fc0f76f8,0x00000000ff180000)
  to   space 71168K, 0% used [0x00000000f6680000,0x00000000f6680000,0x00000000fac00000)
 ParOldGen       total 397824K, used 212974K [0x00000000a0000000, 0x00000000b8480000, 0x00000000e0000000)
  object space 397824K, 53% used [0x00000000a0000000,0x00000000acffb9a8,0x00000000b8480000)
 Metaspace       used 136807K, capacity 144022K, committed 150292K, reserved 1181696K
  class space    used 16147K, capacity 17865K, committed 19004K, reserved 1048576K
}

